[ DEBUG7 "mytruejet"]  processing event: 865   in run:  82501
[ DEBUG6 "mytruejet"]  =====================================
[ DEBUG8 "mytruejet"]   Number of jets found : 9
[ DEBUG5 "mytruejet"] 
[ DEBUG5 "mytruejet"]   jet          1 (seen)         p : 22.154666 -0.677173 61.342280  E 65.599060
[ DEBUG5 "mytruejet"]                  (true)         p : 18.779241 -0.805088 52.090413  E 55.663237
[ DEBUG5 "mytruejet"]                  (true of seen) p : 18.990480 -0.715547 53.795772  E 57.740830
[ DEBUG5 "mytruejet"]   ancestor 1  37                p : 18.753633 -0.551589 50.067787  E 53.468638
[ DEBUG5 "mytruejet"]   ancestor 2  37                p : 18.753633 -0.551589 50.067787  E 53.468638
[ DEBUG5 "mytruejet"]   ancestor 3  14                p : 53.110886 -0.878970 130.266342  E 140.679987
[ DEBUG5 "mytruejet"] 
[ DEBUG5 "mytruejet"]    Character of jet 1 : 1 (1=string, 2=lepton , 3=cluster, 4=isr, 5=overlay).
[ DEBUG5 "mytruejet"]    Jet from boson ? 5 (0 not from boson, !=0 from boson radiated of that jet).
[ DEBUG5 "mytruejet"]    No. of FSRs : 0
[ DEBUG5 "mytruejet"]    Jet has no energy ? 0
[ DEBUG5 "mytruejet"] 
[ DEBUG5 "mytruejet"] 
[ DEBUG5 "mytruejet"]   jet          2 (seen)         p : -25.614132 25.023751 54.350650  E 66.236855
[ DEBUG5 "mytruejet"]                  (true)         p : -24.167867 24.456054 52.499076  E 63.619707
[ DEBUG5 "mytruejet"]                  (true of seen) p : -22.946842 21.102145 48.462385  E 58.593841
[ DEBUG5 "mytruejet"]   ancestor 1  41                p : -4.889339 7.526487 11.767161  E 14.799315
[ DEBUG5 "mytruejet"]   ancestor 2  13                p : -25.684708 24.304224 51.102329  E 62.143765
[ DEBUG5 "mytruejet"]   ancestor 3  13                p : -25.684708 24.304224 51.102329  E 62.143765
[ DEBUG5 "mytruejet"] 
[ DEBUG5 "mytruejet"]    Character of jet 2 : 1 (1=string, 2=lepton , 3=cluster, 4=isr, 5=overlay).
[ DEBUG5 "mytruejet"]    Jet from boson ? 0 (0 not from boson, !=0 from boson radiated of that jet).
[ DEBUG5 "mytruejet"]    No. of FSRs : 0
[ DEBUG5 "mytruejet"]    Jet has no energy ? 0
[ DEBUG5 "mytruejet"] 
[ DEBUG6 "mytruejet"]       Mass of jet 1 and 2
[ DEBUG6 "mytruejet"]          Seen         58.233414
[ DEBUG6 "mytruejet"]          true         51.971666
[ DEBUG6 "mytruejet"]          true of seen 51.436942
[ DEBUG6 "mytruejet"]       string mass :   51.971664
[ DEBUG6 "mytruejet"] 
[ DEBUG5 "mytruejet"] 
[ DEBUG5 "mytruejet"]   jet          3 (seen)         p : -0.041800 0.128361 -0.760912  E 0.772794
[ DEBUG5 "mytruejet"]                  (true)         p : -4.146863 5.090304 -195.382206  E 195.502733
[ DEBUG5 "mytruejet"]                  (true of seen) p : -0.052712 0.161898 -0.961826  E 0.976780
[ DEBUG5 "mytruejet"]   ancestor 1  16                p : -4.132385 5.110808 -195.355606  E 195.466163
[ DEBUG5 "mytruejet"]   ancestor 2   9                p : -4.132385 5.110808 -195.355606  E 195.466163
[ DEBUG5 "mytruejet"]   ancestor 3   9                p : -4.132385 5.110808 -195.355606  E 195.466163
[ DEBUG5 "mytruejet"] 
[ DEBUG5 "mytruejet"]    Character of jet 3 : 2 (1=string, 2=lepton , 3=cluster, 4=isr, 5=overlay).
[ DEBUG5 "mytruejet"]    Jet from boson ? 0 (0 not from boson, !=0 from boson radiated of that jet).
[ DEBUG5 "mytruejet"]    No. of FSRs : 0
[ DEBUG5 "mytruejet"]    Jet has no energy ? 0
[ DEBUG5 "mytruejet"] 
[ DEBUG5 "mytruejet"] 
[ DEBUG5 "mytruejet"]   jet          4 (seen)         p : 0.000000 0.000000 0.000000  E 0.000000
[ DEBUG5 "mytruejet"]                  (true)         p : -20.134941 -28.515558 -37.007481  E 50.873436
[ DEBUG5 "mytruejet"]                  (true of seen) p : 0.000000 0.000000 0.000000  E 0.000000
[ DEBUG5 "mytruejet"]   ancestor 1  15                p : -20.149420 -28.536062 -37.034092  E 50.910018
[ DEBUG5 "mytruejet"]   ancestor 2  10                p : -20.149420 -28.536062 -37.034092  E 50.910018
[ DEBUG5 "mytruejet"]   ancestor 3  10                p : -20.149420 -28.536062 -37.034092  E 50.910018
[ DEBUG5 "mytruejet"] 
[ DEBUG5 "mytruejet"]    Character of jet 4 : 2 (1=string, 2=lepton , 3=cluster, 4=isr, 5=overlay).
[ DEBUG5 "mytruejet"]    Jet from boson ? 0 (0 not from boson, !=0 from boson radiated of that jet).
[ DEBUG5 "mytruejet"]    No. of FSRs : 0
[ DEBUG5 "mytruejet"]    Jet has no energy ? 0
[ DEBUG5 "mytruejet"] 
[ DEBUG6 "mytruejet"]       Mass of jet 3 and 4
[ DEBUG6 "mytruejet"]          true         74.551338
[ DEBUG6 "mytruejet"]       string mass :   74.551340
[ DEBUG6 "mytruejet"] 
[ DEBUG5 "mytruejet"] 
[ DEBUG5 "mytruejet"]   jet          5 (seen)         p : 1.655481 -0.117347 3.110406  E 3.528243
[ DEBUG5 "mytruejet"]                  (true)         p : 1.654555 -0.116445 3.110924  E 3.528235
[ DEBUG5 "mytruejet"]                  (true of seen) p : 1.654555 -0.116445 3.110924  E 3.528235
[ DEBUG5 "mytruejet"]   ancestor 1  35                p : 2.617672 -0.376590 4.741149  E 5.428861
[ DEBUG5 "mytruejet"]   ancestor 2  14                p : 53.110886 -0.878970 130.266342  E 140.679987
[ DEBUG5 "mytruejet"]   ancestor 3  14                p : 53.110886 -0.878970 130.266342  E 140.679987
[ DEBUG5 "mytruejet"] 
[ DEBUG5 "mytruejet"]    Character of jet 5 : 3 (1=string, 2=lepton , 3=cluster, 4=isr, 5=overlay).
[ DEBUG5 "mytruejet"]    Jet from boson ? 0 (0 not from boson, !=0 from boson radiated of that jet).
[ DEBUG5 "mytruejet"]    No. of FSRs : 0
[ DEBUG5 "mytruejet"]    Jet has no energy ? 0
[ DEBUG5 "mytruejet"] 
[ DEBUG5 "mytruejet"] 
[ DEBUG5 "mytruejet"]   jet          6 (seen)         p : 29.010332 -0.746254 68.783008  E 74.682510
[ DEBUG5 "mytruejet"]                  (true)         p : 31.160291 -0.109266 73.668351  E 80.012677
[ DEBUG5 "mytruejet"]                  (true of seen) p : 22.987335 -0.073784 54.594536  E 59.253523
[ DEBUG5 "mytruejet"]   ancestor 1  36                p : 30.197130 0.150880 72.038025  E 78.111941
[ DEBUG5 "mytruejet"]   ancestor 2  36                p : 30.197130 0.150880 72.038025  E 78.111941
[ DEBUG5 "mytruejet"]   ancestor 3  14                p : 53.110886 -0.878970 130.266342  E 140.679987
[ DEBUG5 "mytruejet"] 
[ DEBUG5 "mytruejet"]    Character of jet 6 : 3 (1=string, 2=lepton , 3=cluster, 4=isr, 5=overlay).
[ DEBUG5 "mytruejet"]    Jet from boson ? 5 (0 not from boson, !=0 from boson radiated of that jet).
[ DEBUG5 "mytruejet"]    No. of FSRs : 0
[ DEBUG5 "mytruejet"]    Jet has no energy ? 0
[ DEBUG5 "mytruejet"] 
[ DEBUG6 "mytruejet"]       Mass of jet 5 and 6
[ DEBUG6 "mytruejet"]          Seen         2.668512
[ DEBUG6 "mytruejet"]          true         2.676144
[ DEBUG6 "mytruejet"]          true of seen 2.090478
[ DEBUG6 "mytruejet"]       string mass :   2.676144
[ DEBUG6 "mytruejet"] 
[ DEBUG5 "mytruejet"] 
[ DEBUG5 "mytruejet"]   jet          7 (seen)         p : 0.000000 0.000000 0.000000  E 0.000000
[ DEBUG5 "mytruejet"]                  (true)         p : 0.000000 0.000000 0.000000  E 0.000000
[ DEBUG5 "mytruejet"]                  (true of seen) p : 0.000000 0.000000 0.000000  E 0.000000
[ DEBUG5 "mytruejet"]   ancestor 1   5                p : 0.000000 0.000000 0.000000  E 0.000000
[ DEBUG5 "mytruejet"]   ancestor 2   0                p : 0.000000 0.000000 0.000000  E 0.000000
[ DEBUG5 "mytruejet"]   ancestor 3   0                p : 0.000000 0.000000 0.000000  E 0.000000
[ DEBUG5 "mytruejet"] 
[ DEBUG5 "mytruejet"]    Character of jet 7 : 4 (1=string, 2=lepton , 3=cluster, 4=isr, 5=overlay).
[ DEBUG5 "mytruejet"]    Jet from boson ? 0 (0 not from boson, !=0 from boson radiated of that jet).
[ DEBUG5 "mytruejet"]    No. of FSRs : 0
[ DEBUG5 "mytruejet"]    Jet has no energy ? 1
[ DEBUG5 "mytruejet"] 
[ DEBUG5 "mytruejet"] 
[ DEBUG5 "mytruejet"]   jet          8 (seen)         p : 0.000000 0.000000 0.000000  E 0.000000
[ DEBUG5 "mytruejet"]                  (true)         p : 0.000000 0.000000 -0.000003  E 0.000003
[ DEBUG5 "mytruejet"]                  (true of seen) p : 0.000000 0.000000 0.000000  E 0.000000
[ DEBUG5 "mytruejet"]   ancestor 1   6                p : 0.000000 0.000000 -0.000003  E 0.000003
[ DEBUG5 "mytruejet"]   ancestor 2   0                p : 0.000000 0.000000 0.000000  E 0.000000
[ DEBUG5 "mytruejet"]   ancestor 3   0                p : 0.000000 0.000000 0.000000  E 0.000000
[ DEBUG5 "mytruejet"] 
[ DEBUG5 "mytruejet"]    Character of jet 8 : 4 (1=string, 2=lepton , 3=cluster, 4=isr, 5=overlay).
[ DEBUG5 "mytruejet"]    Jet from boson ? 0 (0 not from boson, !=0 from boson radiated of that jet).
[ DEBUG5 "mytruejet"]    No. of FSRs : 0
[ DEBUG5 "mytruejet"]    Jet has no energy ? 1
[ DEBUG5 "mytruejet"] 
[ DEBUG6 "mytruejet"]       Mass of jet 7 and 8
[ DEBUG6 "mytruejet"]          true         0.000000
[ DEBUG6 "mytruejet"]       string mass :   0.000000
[ DEBUG6 "mytruejet"] 
[ DEBUG5 "mytruejet"] 
[ DEBUG5 "mytruejet"]   jet          9 (seen)         p : -0.028142 -0.359176 -13.293881  E 17.038351
[ DEBUG5 "mytruejet"]                  (true)         p : 6.927921 -0.000000 10.311057  E 989.711184
[ DEBUG5 "mytruejet"]                  (true of seen) p : 0.154791 -0.043750 -10.504973  E 14.265271
[ DEBUG5 "mytruejet"]   ancestor 1   0                p : 0.000000 0.000000 0.000000  E 0.000000
[ DEBUG5 "mytruejet"]   ancestor 2   0                p : 0.000000 0.000000 0.000000  E 0.000000
[ DEBUG5 "mytruejet"]   ancestor 3   0                p : 0.000000 0.000000 0.000000  E 0.000000
[ DEBUG5 "mytruejet"] 
[ DEBUG5 "mytruejet"]    Character of jet 9 : 5 (1=string, 2=lepton , 3=cluster, 4=isr, 5=overlay).
[ DEBUG5 "mytruejet"]    Jet from boson ? 0 (0 not from boson, !=0 from boson radiated of that jet).
[ DEBUG5 "mytruejet"]    No. of FSRs : 0
[ DEBUG5 "mytruejet"]    Jet has no energy ? 0
[ DEBUG5 "mytruejet"] 
[ DEBUG4 "mytruejet"]  HEPEVT relation table up with jet assignment, extended status codes, and PFOs w. energy (if any) 
[ DEBUG4 "mytruejet"]     line      status           pdg  parent  first  last      px         py          pz          E             M        jet companion type       PFO/Energy
[ DEBUG4 "mytruejet"]            init ext'd                         daughter                                                                        jet
[ DEBUG4 "mytruejet"]       1     11      0          11      0      3      6    1.750029    0.000000  250.000000  250.006125    0.000000      0      0      0
[ DEBUG4 "mytruejet"]       2     11      0         -11      0      3      6    1.750029    0.000000 -250.000000  250.006125    0.000000      0      0      0
[ DEBUG4 "mytruejet"]       3     11      0          11      1      7     10    1.393610   -0.000000  199.083939  199.088816    0.000000      0      0      0
[ DEBUG4 "mytruejet"]       4     11      0         -11      1      7     10    1.750763   -0.000000 -250.104965  250.111093    0.000000      0      0      0
[ DEBUG4 "mytruejet"]       5     11      0          22      1     11     11    0.000000    0.000000    0.000000    0.000000    0.000000     -7      0      4
[ DEBUG4 "mytruejet"]       6     11      0          22      1     12     12    0.000000    0.000000   -0.000003    0.000003    0.000000     -8      0      4
[ DEBUG4 "mytruejet"]       7     11      0          -4      3     14     14   53.110886   -0.878970  130.266342  140.679987    0.000000     -5      6      3
[ DEBUG4 "mytruejet"]       8     11      0           3      3     13     13  -25.684708   24.304224   51.102329   62.143765    0.000000     -2      1      1
[ DEBUG4 "mytruejet"]       9     11      0         -13      3     16     16   -4.132385    5.110808 -195.355606  195.466163    0.105660     -3      4      2
[ DEBUG4 "mytruejet"]      10     11      0          14      3     15     15  -20.149420  -28.536062  -37.034092   50.910018    0.000000     -4      3      2
[ DEBUG4 "mytruejet"]      11      1      1          22      5      0      0    0.000000    0.000000    0.000000    0.000000    0.000000      7      0      4 [    N.A    /     N.A   ] 
[ DEBUG4 "mytruejet"]      12      1      1          22      6      0      0    0.000000    0.000000   -0.000003    0.000003    0.000000      8      0      4 [    N.A    /     N.A   ] 
[ DEBUG4 "mytruejet"]      13     11      0           3      8     17     17  -25.684708   24.304224   51.102329   62.143765    0.000000     -2      1      1
[ DEBUG4 "mytruejet"]      14     11      0          -4      7     17     17   53.110886   -0.878970  130.266342  140.679987    0.000000     -5      6      3
[ DEBUG4 "mytruejet"]      15     11      0          14     10     30     30  -20.149420  -28.536062  -37.034092   50.910018    0.000000     -4      3      2
[ DEBUG4 "mytruejet"]      16     11      0         -13      9     30     30   -4.132385    5.110808 -195.355606  195.466163    0.105660     -3      4      2
[ DEBUG4 "mytruejet"]      17     11      0          94     13     18     19   27.426178   23.425255  181.368668  202.823748   83.318314      0      0      0
[ DEBUG4 "mytruejet"]      18     11      0           3     17     20     21  -24.142258   24.202553   54.521698   65.814301   13.794728     -2      1      1
[ DEBUG4 "mytruejet"]      19     11      0          -4     17     22     23   51.568436   -0.777300  126.846962  137.009440    4.639733     -5      6      3
[ DEBUG4 "mytruejet"]      20     11      0           3     18     24     25  -24.465437   25.120167   52.795559   63.832884    7.595104     -2      1      1
[ DEBUG4 "mytruejet"]      21     11      0          21     18     38     38    0.323179   -0.917614    1.726139    1.981418    0.000000      0      0      0
[ DEBUG4 "mytruejet"]      22     11      0          -4     19     35     35    2.617672   -0.376590    4.741149    5.428861    0.000000     -5      6      3
[ DEBUG4 "mytruejet"]      23     11      0          21     19     26     27   48.950764   -0.400709  122.105812  131.580579    2.698448      0      0      0
[ DEBUG4 "mytruejet"]      24     11      0           3     20     28     29  -24.316074   25.483805   52.274162   63.179894    4.291296     -2      1      1
[ DEBUG4 "mytruejet"]      25     11      0          21     20     39     39   -0.149364   -0.363637    0.521396    0.652989    0.000000      0      0      0
[ DEBUG4 "mytruejet"]      26     11      0           1     23     36     36   30.197130    0.150880   72.038025   78.111941    0.330000     -6      5    503
[ DEBUG4 "mytruejet"]      27     11      0          -1     23     37     37   18.753633   -0.551589   50.067787   53.468638    0.330000     -1      2    501
[ DEBUG4 "mytruejet"]      28     11      0           3     24     41     41   -4.889339    7.526487   11.767161   14.799315    0.000000     -2      1      1
[ DEBUG4 "mytruejet"]      29     11      0          21     24     40     40  -19.426735   17.957317   40.507004   48.380581    0.000000      0      0      0
[ DEBUG4 "mytruejet"]      30     11      0          94     16     31     32  -24.281805  -23.425255 -232.389694  246.376177   74.551338     -3      4      2
[ DEBUG4 "mytruejet"]      31      1      1          14     30      0      0  -20.134941  -28.515558  -37.007481   50.873436    0.000000      4      3      2 [    N.A    /     N.A   ] 
[ DEBUG4 "mytruejet"]      32     11     11         -13     30     33     34   -4.146863    5.090304 -195.382217  195.502745    2.001153      3      4      2
[ DEBUG4 "mytruejet"]      33      1      1         -13     32      0      0   -4.094151    4.928407 -194.420380  194.525953    0.105660      3      4      2 [    N.A    /     N.A   ] 
[ DEBUG4 "mytruejet"]      34      1      1          22     32      0      0   -0.052712    0.161898   -0.961826    0.976780    0.000000      3      4      2 [ 0x1577de0 /   0.772794] 
[ DEBUG4 "mytruejet"]      35     11      0          -4     22     42     42    2.617672   -0.376590    4.741149    5.428861    0.000000     -5      6      3
[ DEBUG4 "mytruejet"]      36     11      0           1     26     42     42   30.197130    0.150880   72.038025   78.111941    0.330000     -6      5    503
[ DEBUG4 "mytruejet"]      37     11      0          -1     27     45     45   18.753633   -0.551589   50.067787   53.468638    0.330000     -1      2    501
[ DEBUG4 "mytruejet"]      38     11      0          21     21     45     45    0.323179   -0.917614    1.726139    1.981418    0.000000      0      0      0
[ DEBUG4 "mytruejet"]      39     11      0          21     25     45     45   -0.149364   -0.363637    0.521396    0.652989    0.000000      0      0      0
[ DEBUG4 "mytruejet"]      40     11      0          21     29     45     45  -19.426735   17.957317   40.507004   48.380581    0.000000      0      0      0
[ DEBUG4 "mytruejet"]      41     11      0           3     28     45     45   -4.889339    7.526487   11.767161   14.799315    0.000000     -2      1      1
[ DEBUG4 "mytruejet"]      42     11      0          91     35     43     44   32.814804   -0.225711   76.779175   83.540803    2.676144      0      0      0
[ DEBUG4 "mytruejet"]      43     11     11        -423     42     55     56   31.160248   -0.109266   73.668251   80.012568    2.006700      6      5    503
[ DEBUG4 "mytruejet"]      44      1      1        -211     42      0      0    1.654555   -0.116445    3.110924    3.528235    0.139570      5      6      3 [ 0x1576e80 /   3.528243] 
[ DEBUG4 "mytruejet"]      45     11      0          92     37     46     54   -5.388625   23.650965  104.589485  119.282940   51.971664      0      0      0
[ DEBUG4 "mytruejet"]      46     11     11       10113     45     57     58   15.343627   -0.406433   40.928589   43.729185    1.224808      1      2    501
[ DEBUG4 "mytruejet"]      47      1      1         211     45      0      0    2.088629   -0.450167    4.534112    5.014247    0.139570      1      2    501 [ 0x157ac80 /   5.009332] 
[ DEBUG4 "mytruejet"]      48     11     11      -20213     45     59     60    1.346985    0.051512    6.627711    6.919804    1.462915      1      2    501
[ DEBUG4 "mytruejet"]      49     11     11       20213     45     61     62   -0.899697   -0.282931    1.875828    2.330621    1.011711      2      1      1
[ DEBUG4 "mytruejet"]      50     11     11       -2114     45     63     64   -1.760489    1.580298    3.995531    4.797490    1.206227      2      1      1
[ DEBUG4 "mytruejet"]      51     11     11         221     45     65     67   -2.309276    2.222275    4.708007    5.721564    0.547450      2      1      1
[ DEBUG4 "mytruejet"]      52     11     11        1114     45     68     69  -12.536844   12.711882   26.946800   32.348164    1.228518      2      1      1
[ DEBUG4 "mytruejet"]      53     11     11         223     45     70     72   -3.006187    2.940906    5.587671    7.037280    0.784318      2      1      1
[ DEBUG4 "mytruejet"]      54     11     11        -311     45     73     73   -3.655372    5.283622    9.385236   11.384583    0.497670      2      1      1
[ DEBUG4 "mytruejet"]      55     11     11        -421     43     74     75   29.266363   -0.102092   69.089493   75.055745    1.864500      6      5    503
[ DEBUG4 "mytruejet"]      56     11     11         111     43     76     77    1.893772   -0.007173    4.578491    4.956533    0.134980      6      5    503
[ DEBUG4 "mytruejet"]      57     11     11         223     46     78     80    6.730493   -0.041136   17.840351   19.083608    0.777650      1      2    501
[ DEBUG4 "mytruejet"]      58     11     11         111     46     81     82    8.613134   -0.365298   23.088243   24.645582    0.134980      1      2    501
[ DEBUG4 "mytruejet"]      59     11     11         113     48     83     84    0.666108    0.534701    3.655187    3.829102    0.756322      1      2    501
[ DEBUG4 "mytruejet"]      60      1      1        -211     48    131    131    0.680877   -0.483189    2.972524    3.090703    0.139570      1      2    501 [    N.A    /     N.A   ] 
[ DEBUG4 "mytruejet"]      61     11     11         213     49     85     86   -0.851516   -0.273226    1.655600    2.067685    0.857074      2      1      1
[ DEBUG4 "mytruejet"]      62     11     11         111     49     87     88   -0.048181   -0.009705    0.220230    0.262938    0.134980      2      1      1
[ DEBUG4 "mytruejet"]      63      1      1       -2212     50      0      0   -1.357996    1.044989    2.703040    3.335106    0.938270      2      1      1 [ 0x1575ba0 /   0.231872]  [ 0x1571e40 /   3.202441] 
[ DEBUG4 "mytruejet"]      64      1      1         211     50      0      0   -0.402492    0.535309    1.292489    1.462383    0.139570      2      1      1 [ 0x167dbb0 /   1.466862] 
[ DEBUG4 "mytruejet"]      65      1      1          22     51      0      0   -0.618774    0.578991    1.022653    1.328131    0.000000      2      1      1 [ 0x1577580 /   0.925142] 
[ DEBUG4 "mytruejet"]      66      1      1        -211     51    121    123   -1.374595    1.202133    2.834730    3.374880    0.139570      2      1      1 [ 0x1596f00 /   3.368743] 
[ DEBUG4 "mytruejet"]      67      1      1         211     51      0      0   -0.315907    0.441151    0.850624    1.018554    0.139570      2      1      1 [ 0x16b5b80 /   1.017361] 
[ DEBUG4 "mytruejet"]      68      1      1        2112     52    119    119   -8.887285    8.751508   18.708460   22.504710    0.939570      2      1      1 [ 0x166dfb0 /   0.450408]  [ 0x1551b10 /  21.978962] 
[ DEBUG4 "mytruejet"]      69      1      1        -211     52      0      0   -3.649562    3.960376    8.238345    9.843459    0.139570      2      1      1 [ 0x14be5e0 /   9.835086] 
[ DEBUG4 "mytruejet"]      70      1      1         211     53      0      0   -1.427029    1.370878    2.724229    3.369959    0.139570      2      1      1 [ 0x1578d40 /   3.376437] 
[ DEBUG4 "mytruejet"]      71      1      1        -211     53      0      0   -1.041097    1.201101    1.737175    2.358767    0.139570      2      1      1 [ 0x167ecb0 /   2.355970] 
[ DEBUG4 "mytruejet"]      72     11     11         111     53     89     90   -0.538062    0.368929    1.126270    1.308558    0.134980      2      1      1
[ DEBUG4 "mytruejet"]      73     11     11         310     54     91     92   -3.655389    5.283647    9.385280   11.384636    0.497670      2      1      1
[ DEBUG4 "mytruejet"]      74     11     11         323     55     93     94   18.168758   -0.124817   43.498341   47.149629    0.928718      6      5    503
[ DEBUG4 "mytruejet"]      75     11     11        -213     55     95     96   11.097718    0.022724   25.591423   27.906409    0.828781      6      5    503
[ DEBUG4 "mytruejet"]      76      1      1          22     56      0      0    1.019728    0.063409    2.459468    2.663240    0.000000      6      5    503 [ 0x156f3b0 /   3.005554] 
[ DEBUG4 "mytruejet"]      77      1      1          22     56    104    105    0.874042   -0.070583    2.119020    2.293289    0.000000      6      5    503 [    N.A    /     N.A   ] 
[ DEBUG4 "mytruejet"]      78      1      1         211     57    132    157    3.494809    0.157689    9.090746    9.741648    0.139570      1      2    501 [ 0x157aee0 /   9.743783] 
[ DEBUG4 "mytruejet"]      79      1      1        -211     57      0      0    1.517134   -0.010919    4.555113    4.803160    0.139570      1      2    501 [ 0x15778c0 /   4.763940]  [ 0x1699df0 /   3.366532] 
[ DEBUG4 "mytruejet"]      80     11     11         111     57     97     98    1.718552   -0.187906    4.194496    4.538804    0.134980      1      2    501
[ DEBUG4 "mytruejet"]      81      1      1          22     58      0      0    4.771908   -0.259841   12.698456   13.567955    0.000000      1      2    501 [ 0x1579e60 /  14.302004] 
[ DEBUG4 "mytruejet"]      82      1      1          22     58      0      0    3.841226   -0.105457   10.389783   11.077623    0.000000      1      2    501 [ 0x1662030 /  11.577147] 
[ DEBUG4 "mytruejet"]      83      1      1         211     59      0      0    0.035289    0.469005    1.498939    1.577184    0.139570      1      2    501 [ 0x166e170 /   1.582803] 
[ DEBUG4 "mytruejet"]      84      1      1        -211     59      0      0    0.630819    0.065695    2.156248    2.251918    0.139570      1      2    501 [ 0x15726c0 /   2.251584] 
[ DEBUG4 "mytruejet"]      85      1      1         211     61      0      0    0.133484   -0.126449    0.366351    0.433013    0.139570      2      1      1 [ 0x1578fa0 /   0.431531] 
[ DEBUG4 "mytruejet"]      86     11     11         111     61     99    100   -0.985002   -0.146778    1.289251    1.634675    0.134980      2      1      1
[ DEBUG4 "mytruejet"]      87      1      1          22     62      0      0    0.037450   -0.034529    0.109561    0.120824    0.000000      2      1      1 [    N.A    /     N.A   ] 
[ DEBUG4 "mytruejet"]      88      1      1          22     62      0      0   -0.085631    0.024824    0.110667    0.142113    0.000000      2      1      1 [    N.A    /     N.A   ] 
[ DEBUG4 "mytruejet"]      89      1      1          22     72    117    118    0.003337    0.019923    0.054386    0.058016    0.000000      2      1      1 [    N.A    /     N.A   ] 
[ DEBUG4 "mytruejet"]      90      1      1          22     72      0      0   -0.541398    0.349005    1.071882    1.250538    0.000000      2      1      1 [ 0x1575d60 /   1.699101] 
[ DEBUG4 "mytruejet"]      91      1      1        -211     73    115    116   -2.360324    3.432545    6.416168    7.651156    0.139570      2      1      1 [    N.A    /     N.A   ] 
[ DEBUG4 "mytruejet"]      92      1      1         211     73      0      0   -1.295048    1.851078    2.969068    3.733427    0.139570      2      1      1 [ 0x156f570 /  11.390532] 
[ DEBUG4 "mytruejet"]      93     11     11         311     74    101    101    7.298871    0.035100   16.954697   18.465757    0.497670      6      5    503
[ DEBUG4 "mytruejet"]      94      1      1         211     74    106    106   10.869888   -0.159917   26.543644   28.683873    0.139570      6      5    503 [ 0x1573700 /  28.691816] 
[ DEBUG4 "mytruejet"]      95      1      1        -211     75    110    110    6.003022    0.401321   13.787114   15.043315    0.139570      6      5    503 [ 0x1573940 /  14.953750] 
[ DEBUG4 "mytruejet"]      96     11     11         111     75    102    103    5.094700   -0.378597   11.804316   12.863102    0.134980      6      5    503
[ DEBUG4 "mytruejet"]      97      1      1          22     80      0      0    1.587665   -0.206118    3.833531    4.154411    0.000000      1      2    501 [ 0x1551950 /   5.421658] 
[ DEBUG4 "mytruejet"]      98      1      1          22     80      0      0    0.130885    0.018213    0.360962    0.384390    0.000000      1      2    501 [ 0x14be420 /   0.303754] 
[ DEBUG4 "mytruejet"]      99      1      1          22     86      0      0   -0.600410   -0.121749    0.695903    0.927144    0.000000      2      1      1 [ 0x1579ca0 /   1.077057] 
[ DEBUG4 "mytruejet"]     100      1      1          22     86      0      0   -0.384590   -0.025028    0.593345    0.707527    0.000000      2      1      1 [ 0x1572340 /   0.645971] 
[ DEBUG4 "mytruejet"]     101      1      1         130     93      0      0    7.298914    0.035101   16.954796   18.465865    0.497670      6      5    503 [    N.A    /     N.A   ] 
[ DEBUG4 "mytruejet"]     102      1      1          22     96      0      0    2.918154   -0.212573    6.927694    7.520223    0.000000      6      5    503 [ 0x1577740 /  21.524170] 
[ DEBUG4 "mytruejet"]     103      1      1          22     96      0      0    2.176543   -0.166023    4.876616    5.342873    0.000000      6      5    503 [ 0x16621f0 /   6.507219] 
[ DEBUG4 "mytruejet"]     104      0      0         -11     77      0      0    0.541136   -0.044273    1.311547    1.419487    0.000511      6      5    503
[ DEBUG4 "mytruejet"]     105      0      0          11     77      0      0    0.332906   -0.026310    0.807472    0.873802    0.000511      6      5    503
[ DEBUG4 "mytruejet"]     106      0      0        -211     94    107    107    1.407700    0.001668    2.771314    3.111476    0.139570      6      5    503
[ DEBUG4 "mytruejet"]     107      0      0        2112    106    108    108    0.072114    0.544806   -0.164006    1.100770    0.939565      6      5    503
[ DEBUG4 "mytruejet"]     108      0      0        2112    107    109    109    0.286427    0.127688   -0.128045    0.998761    0.939565      6      5    503
[ DEBUG4 "mytruejet"]     109      0      0        2112    108      0      0    0.071394   -0.020585    0.143288    0.953329    0.939565      6      5    503
[ DEBUG4 "mytruejet"]     110      0      0        -211     95    111    111   -0.224400   -0.223381   -0.066155    0.352293    0.139570      6      5    503
[ DEBUG4 "mytruejet"]     111      0      0        -211    110    112    112    0.131930   -0.009654    0.077916    0.207483    0.139570      6      5    503
[ DEBUG4 "mytruejet"]     112      0      0        2112    111    113    113    0.085011   -0.288347    0.038739    0.987246    0.939565      6      5    503
[ DEBUG4 "mytruejet"]     113      0      0        2112    112    114    114    0.107575   -0.164542   -0.122212    0.967660    0.939565      6      5    503
[ DEBUG4 "mytruejet"]     114      0      0        2112    113      0      0    0.137173   -0.112591    0.088533    0.960268    0.939565      6      5    503
[ DEBUG4 "mytruejet"]     115      0      0        2212     91      0      0   -0.097559   -0.262820   -0.139015    0.989076    0.938272      2      1      1
[ DEBUG4 "mytruejet"]     116      0      0        -211     91      0      0   -2.830122    2.716873    6.434467    7.537429    0.139570      2      1      1
[ DEBUG4 "mytruejet"]     117      0      0         -11     89      0      0    0.001802    0.015081    0.038563    0.041449    0.000511      2      1      1
[ DEBUG4 "mytruejet"]     118      0      0          11     89      0      0    0.001531    0.004823    0.015767    0.016567    0.000511      2      1      1
[ DEBUG4 "mytruejet"]     119      0      0        2112     68    120    120   -0.396743    0.816494    1.015457    1.654691    0.939565      2      1      1
[ DEBUG4 "mytruejet"]     120      0      0        2112    119    158    158    0.006024   -0.183230   -0.703662    1.188079    0.939565      2      1      1
[ DEBUG4 "mytruejet"]     121      0      0        2112     66    122    122   -0.090748   -0.432761   -0.008953    1.038451    0.939565      2      1      1
[ DEBUG4 "mytruejet"]     122      0      0        2112    121      0      0    0.014376   -0.001636   -0.018084    0.939851    0.939565      2      1      1
[ DEBUG4 "mytruejet"]     123      0      0        -211     66    124    128   -1.656147    0.216344    2.786369    3.251609    0.139570      2      1      1
[ DEBUG4 "mytruejet"]     124      0      0        2112    123      0      0    0.047516    0.041347   -0.040881    0.942561    0.939565      2      1      1
[ DEBUG4 "mytruejet"]     125      0      0        -211    123      0      0   -0.027246   -0.010964    0.115861    0.183756    0.139570      2      1      1
[ DEBUG4 "mytruejet"]     126      0      0        2112    123      0      0   -0.356613    0.007064   -0.123631    1.012566    0.939565      2      1      1
[ DEBUG4 "mytruejet"]     127      0      0         211    123      0      0   -0.225483   -0.114974    0.558823    0.629146    0.139570      2      1      1 [ 0x1577ac0 /   0.936980] 
[ DEBUG4 "mytruejet"]     128      0      0         111    123    129    130   -0.958660    0.203827    2.095267    2.317097    0.134977      2      1      1
[ DEBUG4 "mytruejet"]     129      0      0          22    128      0      0   -0.544175    0.138519    1.344108    1.456688    0.000000      2      1      1 [ 0x167ef10 /   1.254674] 
[ DEBUG4 "mytruejet"]     130      0      0          22    128      0      0   -0.414486    0.065308    0.751159    0.860409    0.000000      2      1      1 [ 0x1575340 /   0.591720] 
[ DEBUG4 "mytruejet"]     131      0      0        -211     60      0      0    0.708972   -0.500177    2.934531    3.063294    0.139570      1      2    501 [ 0x1699fb0 /   3.058593] 
[ DEBUG4 "mytruejet"]     132      0      0  1000020040     78      0      0   -0.365586   -0.188483    0.326966    3.764268    3.727416      1      2    501
[ DEBUG4 "mytruejet"]     133      0      0        2112     78      0      0   -0.101598    0.060760    0.112934    0.953704    0.939565      1      2    501
[ DEBUG4 "mytruejet"]     134      0      0        2212     78      0      0   -0.053565    0.140934    0.085451    0.954142    0.938272      1      2    501
[ DEBUG4 "mytruejet"]     135      0      0        2112     78      0      0   -0.247972    0.015476    0.036178    0.972534    0.939565      1      2    501
[ DEBUG4 "mytruejet"]     136      0      0        2112     78      0      0    0.096666    0.005866    0.250321    0.977150    0.939565      1      2    501
[ DEBUG4 "mytruejet"]     137      0      0         211     78      0      0   -0.023487   -0.176826    0.194628    0.298629    0.139570      1      2    501
[ DEBUG4 "mytruejet"]     138      0      0        2212     78      0      0    0.412510   -0.139610   -0.392788    1.106477    0.938272      1      2    501
[ DEBUG4 "mytruejet"]     139      0      0         211     78      0      0    0.176679    0.242284    0.168425    0.371166    0.139570      1      2    501
[ DEBUG4 "mytruejet"]     140      0      0        2212     78      0      0    0.174096   -0.082850    0.679602    1.174473    0.938272      1      2    501
[ DEBUG4 "mytruejet"]     141      0      0         111     78    142    143    0.138303    0.113905    0.491889    0.540625    0.134977      1      2    501
[ DEBUG4 "mytruejet"]     142      0      0          22    141      0      0    0.150745    0.124357    0.377446    0.425034    0.000000      1      2    501 [ 0x157aa50 /   0.380092] 
[ DEBUG4 "mytruejet"]     143      0      0          22    141    144    145   -0.012442   -0.010452    0.114443    0.115591    0.000000      1      2    501
[ DEBUG4 "mytruejet"]     144      0      0         -11    143      0      0   -0.014903   -0.007743    0.094887    0.096363    0.000511      1      2    501
[ DEBUG4 "mytruejet"]     145      0      0          11    143      0      0    0.002491   -0.002639    0.018875    0.019227    0.000511      1      2    501
[ DEBUG4 "mytruejet"]     146      0      0         111     78    147    150    0.402370   -0.433325    0.318283    0.684978    0.134977      1      2    501
[ DEBUG4 "mytruejet"]     147      0      0          22    146    148    149    0.154548   -0.256406    0.125732    0.324712    0.000000      1      2    501
[ DEBUG4 "mytruejet"]     148      0      0         -11    147      0      0    0.099859   -0.164929    0.081350    0.209264    0.000511      1      2    501
[ DEBUG4 "mytruejet"]     149      0      0          11    147      0      0    0.054687   -0.091475    0.044381    0.115448    0.000511      1      2    501
[ DEBUG4 "mytruejet"]     150      0      0          22    146      0      0    0.247822   -0.176919    0.192550    0.360266    0.000000      1      2    501 [ 0x1571c80 /   0.729966] 
[ DEBUG4 "mytruejet"]     151      0      0         111     78    152    154    0.034489    0.510529    0.495270    0.724804    0.134977      1      2    501
[ DEBUG4 "mytruejet"]     152      0      0          22    151      0      0   -0.032041    0.143064    0.203324    0.250669    0.000000      1      2    501
[ DEBUG4 "mytruejet"]     153      0      0          11    151      0      0    0.040044    0.213163    0.175981    0.279306    0.000511      1      2    501 [ 0x1579b00 /   0.790493] 
[ DEBUG4 "mytruejet"]     154      0      0         -11    151      0      0    0.026487    0.154301    0.115965    0.194829    0.000511      1      2    501
[ DEBUG4 "mytruejet"]     155      0      0        -211     78      0      0   -0.255466   -0.054073    0.997373    1.040394    0.139570      1      2    501 [ 0x15721a0 /   2.317382] 
[ DEBUG4 "mytruejet"]     156      0      0        2212     78      0      0    0.811155   -0.310432    2.826656    3.102366    0.938272      1      2    501
[ DEBUG4 "mytruejet"]     157      0      0        -211     78      0      0    2.106431   -0.522573    2.426441    3.258409    0.139570      1      2    501
[ DEBUG4 "mytruejet"]     158      0      0        2112    120      0      0   -0.105285   -0.146978   -0.660509    1.162645    0.939565      2      1      1
[ DEBUG4 "mytruejet"]     159     30      0        2112    160      0      0    0.003347   -0.000007    0.028333    0.939998    0.939565      9      0      5
[ DEBUG4 "mytruejet"]     160     30      0        2112    161    159    159    0.032520   -0.043566   -0.040618    0.942013    0.939565      9      0      5
[ DEBUG4 "mytruejet"]     161     30      0          22    162    160    160    0.004538   -0.001317   -0.008413    0.009649    0.000000      9      0      5
[ DEBUG4 "mytruejet"]     162     30      0          11    163    161    161    0.018758   -0.015053   -0.058347    0.063111    0.000511      9      0      5
[ DEBUG4 "mytruejet"]     163     30      0          22    164    162    162    0.020022   -0.015483   -0.062393    0.067331    0.000000      9      0      5
[ DEBUG4 "mytruejet"]     164     30      0         -11    165    163    163    0.023997   -0.028348   -0.109481    0.115611    0.000511      9      0      5
[ DEBUG4 "mytruejet"]     165     30      0          22    166    164    164    0.032103   -0.038515   -0.146772    0.155100    0.000000      9      0      5
[ DEBUG4 "mytruejet"]     166     30      0         -11    167    165    165    0.112081   -0.131552   -0.500389    0.529394    0.000511      9      0      5
[ DEBUG4 "mytruejet"]     167     30      0          22    168    166    166    0.132939   -0.156132   -0.595460    0.629780    0.000000      9      0      5
[ DEBUG4 "mytruejet"]     168     30      0         -11    174    167    167    0.935973   -1.121919   -4.238495    4.483257    0.000511      9      0      5
[ DEBUG4 "mytruejet"]     169     30      0          11    171      0      0   -0.054438    0.043747   -0.009862    0.070532    0.000511      9      0      5
[ DEBUG4 "mytruejet"]     170     30      0         -11    171      0      0   -1.121287    0.893505   -0.192193    1.446573    0.000511      9      0      5 [ 0x1596ce0 /   1.452259] 
[ DEBUG4 "mytruejet"]     171     31      1          22    175    169    170   -1.175728    0.937254   -0.202056    1.517105    0.000000      9      0      5 [    N.A    /     N.A   ] 
[ DEBUG4 "mytruejet"]     172     31      1          22    175      0      0   -1.241999    1.172553   -0.247120    1.725836    0.000000      9      0      5 [ 0x1577fa0 /   1.689880] 
[ DEBUG4 "mytruejet"]     173     31      1          22    177      0      0    0.488320   -0.461274   -2.036560    2.144483    0.000000      9      0      5 [ 0x1579940 /   2.484235] 
[ DEBUG4 "mytruejet"]     174     31      1          22    177    168    168    1.101771   -1.320595   -4.990312    5.278360    0.000000      9      0      5 [ 0x1575180 /   5.103258] 
[ DEBUG4 "mytruejet"]     175     41     11         111    179    171    172   -2.417729    2.109810   -0.449176    3.242945    0.134980      9      0      5
[ DEBUG4 "mytruejet"]     176     31      1        -211    179      0      0   -0.181850    0.431287   -0.203889    0.529272    0.139570      9      0      5 [ 0x1579780 /   0.529481]  [ 0x1572cb0 /   2.640116] 
[ DEBUG4 "mytruejet"]     177     41     11         111    180    173    174    1.590092   -1.781870   -7.026875    7.422846    0.134980      9      0      5
[ DEBUG4 "mytruejet"]     178     31      1         211    180      0      0    1.109836   -0.759226   -2.834899    3.140747    0.139570      9      0      5 [ 0x1572e50 /   3.139122] 
[ DEBUG4 "mytruejet"]     179     41     11        -213    184    175    176   -2.599577    2.541095   -0.653065    3.772213    0.766900      9      0      5
[ DEBUG4 "mytruejet"]     180     41     11         213    184    177    178    2.699927   -2.541095   -9.861771   10.563590    0.766900      9      0      5
[ DEBUG4 "mytruejet"]     181     31      1         -11    186      0      0    1.663048    0.000000 -237.574356  237.580177    0.000000      9      0      5 [    N.A    /     N.A   ] 
[ DEBUG4 "mytruejet"]     182     31      1          11    186      0      0    1.736653    0.000000  248.089188  248.095266    0.000000      9      0      5 [    N.A    /     N.A   ] 
[ DEBUG4 "mytruejet"]     183     41     11          22    186    179    180    0.086977    0.000000  -12.425143   12.425448    0.000000      9      0      5
[ DEBUG4 "mytruejet"]     184     41     11          22    186    179    180    0.013372    0.000000    1.910308    1.910355    0.000000      9      0      5
[ DEBUG4 "mytruejet"]     185     41     11          22      0    181    184    1.750029    0.000000 -250.000000  250.006125    0.000000      9      0      5
[ DEBUG4 "mytruejet"]     186     41     11          22      0    181    184    1.750029    0.000000  250.000000  250.006125    0.000000      9      0      5
[ DEBUG4 "mytruejet"]     187     31      1        -211    192      0      0    0.099158    0.006883    6.805434    6.807591    0.139570      9      0      5 [    N.A    /     N.A   ] 
[ DEBUG4 "mytruejet"]     188     31      1         211    192      0      0    0.015079   -0.006883    9.511135    9.512174    0.139570      9      0      5 [    N.A    /     N.A   ] 
[ DEBUG4 "mytruejet"]     189     31      1         -11    194      0      0    1.677837    0.000000 -239.687042  239.692915    0.000000      9      0      5 [    N.A    /     N.A   ] 
[ DEBUG4 "mytruejet"]     190     31      1          11    194      0      0    1.635797    0.000000  233.681534  233.687259    0.000000      9      0      5 [    N.A    /     N.A   ] 
[ DEBUG4 "mytruejet"]     191     41     11         -11    194    187    188    0.000010    0.000000   -0.001398    0.001398    0.000000      9      0      5
[ DEBUG4 "mytruejet"]     192     41     11          22    194    187    188    0.114228    0.000000   16.317966   16.318366    0.000000      9      0      5
[ DEBUG4 "mytruejet"]     193     41     11         -11      0    189    192    1.750029    0.000000 -250.000000  250.006125    0.000000      9      0      5
[ DEBUG4 "mytruejet"]     194     41     11          22      0    189    192    1.750029    0.000000  250.000000  250.006125    0.000000      9      0      5
[ DEBUG6 "mytruejet"] 
[ DEBUG6 "mytruejet"]        jet     fafp-beg  qrk/lept  fafp-end fafp-boson  type   dijet-beg  dijet-end    boson
[ DEBUG6 "mytruejet"]          1        14        37        37        14       501         1         1         7
[ DEBUG6 "mytruejet"]          2        13        41        13         0         1         1         1         0
[ DEBUG6 "mytruejet"]          3         9        16         9         0         2         2         2         0
[ DEBUG6 "mytruejet"]          4        10        15        10         0         2         2         2         0
[ DEBUG6 "mytruejet"]          5        14        35        14         0         3         1         3         0
[ DEBUG6 "mytruejet"]          6        14        36        36        14       503         1         3         7
[ DEBUG6 "mytruejet"]          7         0         5         0         0         4         0         4         0
[ DEBUG6 "mytruejet"]          8         0         6         0         0         4         0         5         0
[ DEBUG6 "mytruejet"]          9         0         0         0         0         5         0         6         0
[ DEBUG6 "mytruejet"] 
[ DEBUG6 "mytruejet"]        Colour-neutral objects at the beginning of the parton shower 
[ DEBUG6 "mytruejet"]     number    px          py           pz          E           M       type       PDGs        jets 
[ DEBUG6 "mytruejet"]       1   27.426178   23.425255  181.368668  202.823746   83.318314      1    24, -1,  3, -4,  1     1,  2,  5,  6
[ DEBUG6 "mytruejet"]       2  -24.281805  -23.425254 -232.389698  246.376175   74.551338      2    24,-13, 14     3,  4
[ DEBUG6 "mytruejet"] 
[ DEBUG6 "mytruejet"]               gluon radiation in event : 
[ DEBUG6 "mytruejet"]                  1 is from 5
[ DEBUG6 "mytruejet"]                  6 is from 5
[ DEBUG6 "mytruejet"] 
[ DEBUG6 "mytruejet"]        Colour-neutral objects at the end of the parton shower 
[ DEBUG6 "mytruejet"]     number    px          py           pz          E           M       type       PDGs        jets 
[ DEBUG6 "mytruejet"]       1   -5.388625   23.650965  104.589485  119.282936   51.971664      1    92, -1,  3     1,  2
[ DEBUG6 "mytruejet"]       2  -24.281805  -23.425254 -232.389698  246.376175   74.551338      2    94,-13, 14     3,  4
[ DEBUG6 "mytruejet"]       3   32.814802   -0.225711   76.779176   83.540802    2.676144      3    91, -4,  1     5,  6
[ DEBUG6 "mytruejet"]       4    0.000000    0.000000    0.000000    0.000000    0.000000      4       22, 22        7
[ DEBUG6 "mytruejet"]       5    0.000000    0.000000   -0.000003    0.000003    0.000000      4       22, 22        8
[ DEBUG6 "mytruejet"]       6    6.927921   -0.000000   10.311057  989.711182  989.633240      5        0,  0        9
